<?xml version="1.0" encoding="UTF-8"?>
<!-- Generated by org.testng.reporters.JUnitXMLReporter -->
<testsuite ignored="4" hostname="Dhiman11" failures="0" tests="3" name="chrome" time="505.291" errors="0" timestamp="2025-07-07T11:18:27 IST">
  <testcase classname="test_Cases_Class.TC01_Login_Class_Page" name="LoginOnCloudConsole" time="4.292"/>
  <testcase classname="test_Cases_Class.TC04_Download_Agent" name="DownLoadCloudAgent" time="100.647"/>
  <testcase classname="test_Cases_Class.TC03_Install_CloudAgent_OnVbox" name="vmStartInstallAgent" time="397.013"/>
  <testcase classname="base_Classes.Base_Page" name="@AfterTest tearDown" time="0.0">
    <ignored/>
  </testcase> <!-- @AfterTest tearDown -->
  <testcase classname="base_Classes.Base_Page" name="@BeforeTest setup" time="0.0">
    <ignored/>
  </testcase> <!-- @BeforeTest setup -->
  <testcase classname="base_Classes.Base_Page" name="@AfterTest tearDown" time="0.0">
    <ignored/>
  </testcase> <!-- @AfterTest tearDown -->
  <testcase classname="base_Classes.Base_Page" name="@BeforeTest setup" time="0.0">
    <ignored/>
  </testcase> <!-- @BeforeTest setup -->
</testsuite> <!-- chrome -->
