<?xml version="1.0" encoding="UTF-8"?>
<testng-results ignored="0" total="1" passed="0" failed="1" skipped="0">
  <reporter-output>
  </reporter-output>
  <suite started-at="2025-07-18T17:35:53 IST" name="DFCloudSuite" finished-at="2025-07-18T17:37:18 IST" duration-ms="84173">
    <groups>
      <group name="Regression">
        <method signature="Production_Server_WWW2.Login_on_Cloud_Server_www2()[pri:1, instance:test_Cases_Class.Production_Server_WWW2@4038cd3a]" name="Login_on_Cloud_Server_www2" class="test_Cases_Class.Production_Server_WWW2"/>
      </group> <!-- Regression -->
      <group name="smoke">
        <method signature="Production_Server_WWW2.Login_on_Cloud_Server_www2()[pri:1, instance:test_Cases_Class.Production_Server_WWW2@4038cd3a]" name="Login_on_Cloud_Server_www2" class="test_Cases_Class.Production_Server_WWW2"/>
      </group> <!-- smoke -->
    </groups>
    <test started-at="2025-07-18T17:35:53 IST" name="chrome" finished-at="2025-07-18T17:37:18 IST" duration-ms="84173">
      <class name="test_Cases_Class.Production_Server_WWW2">
        <test-method is-config="true" signature="setup(java.lang.String,java.lang.String)[pri:0, instance:test_Cases_Class.Production_Server_WWW2@4038cd3a]" started-at="2025-07-18T17:35:53 IST" name="setup" finished-at="2025-07-18T17:36:03 IST" duration-ms="9121" status="PASS">
          <params>
            <param index="0">
              <value>
                <![CDATA[Windows]]>
              </value>
            </param>
            <param index="1">
              <value>
                <![CDATA[chrome]]>
              </value>
            </param>
          </params>
          <reporter-output>
          </reporter-output>
        </test-method> <!-- setup -->
        <test-method signature="Login_on_Cloud_Server_www2()[pri:1, instance:test_Cases_Class.Production_Server_WWW2@4038cd3a]" started-at="2025-07-18T17:36:03 IST" name="Login_on_Cloud_Server_www2" description="Log in to the Cloud Console on &#039;www2&#039; to check machine status, install products, and verify their status." finished-at="2025-07-18T17:37:17 IST" duration-ms="74344" status="FAIL">
          <exception class="java.lang.AssertionError">
            <message>
              <![CDATA[Login failed or title mismatch expected [Deep Freeze Cloud1] but found [Deep Freeze Cloud]]]>
            </message>
            <full-stacktrace>
              <![CDATA[java.lang.AssertionError: Login failed or title mismatch expected [Deep Freeze Cloud1] but found [Deep Freeze Cloud]
at org.testng.Assert.fail(Assert.java:111)
at org.testng.Assert.failNotEquals(Assert.java:1578)
at org.testng.Assert.assertEqualsImpl(Assert.java:150)
at org.testng.Assert.assertEquals(Assert.java:132)
at org.testng.Assert.assertEquals(Assert.java:656)
at test_Cases_Class.Production_Server_WWW2.Login_on_Cloud_Server_www2(Production_Server_WWW2.java:49)
at java.base/jdk.internal.reflect.DirectMethodHandleAccessor.invoke(DirectMethodHandleAccessor.java:103)
at java.base/java.lang.reflect.Method.invoke(Method.java:580)
at org.testng.internal.invokers.MethodInvocationHelper.invokeMethod(MethodInvocationHelper.java:139)
at org.testng.internal.invokers.TestInvoker.invokeMethod(TestInvoker.java:664)
at org.testng.internal.invokers.TestInvoker.invokeTestMethod(TestInvoker.java:227)
at org.testng.internal.invokers.MethodRunner.runInSequence(MethodRunner.java:50)
at org.testng.internal.invokers.TestInvoker$MethodInvocationAgent.invoke(TestInvoker.java:957)
at org.testng.internal.invokers.TestInvoker.invokeTestMethods(TestInvoker.java:200)
at org.testng.internal.invokers.TestMethodWorker.invokeTestMethods(TestMethodWorker.java:148)
at org.testng.internal.invokers.TestMethodWorker.run(TestMethodWorker.java:128)
at java.base/java.util.ArrayList.forEach(ArrayList.java:1596)
at org.testng.TestRunner.privateRun(TestRunner.java:848)
at org.testng.TestRunner.run(TestRunner.java:621)
at org.testng.SuiteRunner.runTest(SuiteRunner.java:443)
at org.testng.SuiteRunner.runSequentially(SuiteRunner.java:437)
at org.testng.SuiteRunner.privateRun(SuiteRunner.java:397)
at org.testng.SuiteRunner.run(SuiteRunner.java:336)
at org.testng.SuiteRunnerWorker.runSuite(SuiteRunnerWorker.java:52)
at org.testng.SuiteRunnerWorker.run(SuiteRunnerWorker.java:95)
at org.testng.TestNG.runSuitesSequentially(TestNG.java:1280)
at org.testng.TestNG.runSuitesLocally(TestNG.java:1200)
at org.testng.TestNG.runSuites(TestNG.java:1114)
at org.testng.TestNG.run(TestNG.java:1082)
at org.testng.remote.AbstractRemoteTestNG.run(AbstractRemoteTestNG.java:115)
at org.testng.remote.RemoteTestNG.initAndRun(RemoteTestNG.java:293)
at org.testng.remote.RemoteTestNG.main(RemoteTestNG.java:91)
]]>
            </full-stacktrace>
          </exception> <!-- java.lang.AssertionError -->
          <reporter-output>
          </reporter-output>
        </test-method> <!-- Login_on_Cloud_Server_www2 -->
        <test-method is-config="true" signature="tearDown()[pri:0, instance:test_Cases_Class.Production_Server_WWW2@4038cd3a]" started-at="2025-07-18T17:37:17 IST" name="tearDown" finished-at="2025-07-18T17:37:18 IST" duration-ms="199" status="PASS">
          <reporter-output>
          </reporter-output>
        </test-method> <!-- tearDown -->
      </class> <!-- test_Cases_Class.Production_Server_WWW2 -->
    </test> <!-- chrome -->
  </suite> <!-- DFCloudSuite -->
</testng-results>
