<?xml version="1.0" encoding="UTF-8"?>
<!-- Generated by org.testng.reporters.JUnitXMLReporter -->
<testsuite ignored="0" hostname="Dhiman11" failures="1" tests="1" name="chrome" time="84.173" errors="0" timestamp="2025-07-18T17:37:33 IST">
  <testcase classname="test_Cases_Class.Production_Server_WWW2" name="Login_on_Cloud_Server_www2" time="74.344">
    <failure type="java.lang.AssertionError" message="Login failed or title mismatch expected [Deep Freeze Cloud1] but found [Deep Freeze Cloud]">
      <![CDATA[java.lang.AssertionError: Login failed or title mismatch expected [Deep Freeze Cloud1] but found [Deep Freeze Cloud]
at test_Cases_Class.Production_Server_WWW2.Login_on_Cloud_Server_www2(Production_Server_WWW2.java:49)
at java.base/java.util.ArrayList.forEach(ArrayList.java:1596)
... Removed 30 stack frames]]>
    </failure>
  </testcase> <!-- Login_on_Cloud_Server_www2 -->
</testsuite> <!-- chrome -->
